This is pdfTeX, Version 3.141592653-2.6-1.40.25 (TeX Live 2023/Fedora 40) (preloaded format=pdflatex 2024.8.13)  5 SEP 2024 00:02
entering extended mode
 restricted \write18 enabled.
 %&-line parsing enabled.
**main.tex
(./main.tex
LaTeX2e <2022-11-01> patch level 1
L3 programming layer <2023-02-22>
(/usr/share/texlive/texmf-dist/tex/latex/base/article.cls
Document Class: article 2022/07/02 v1.4n Standard LaTeX document class
(/usr/share/texlive/texmf-dist/tex/latex/base/size10.clo
File: size10.clo 2022/07/02 v1.4n Standard LaTeX file (size option)
)
\c@part=\count185
\c@section=\count186
\c@subsection=\count187
\c@subsubsection=\count188
\c@paragraph=\count189
\c@subparagraph=\count190
\c@figure=\count191
\c@table=\count192
\abovecaptionskip=\skip48
\belowcaptionskip=\skip49
\bibindent=\dimen140
)
(/usr/share/texlive/texmf-dist/tex/latex/base/inputenc.sty
Package: inputenc 2021/02/14 v1.3d Input encoding file
\inpenc@prehook=\toks16
\inpenc@posthook=\toks17
)
(/usr/share/texlive/texmf-dist/tex/generic/babel/babel.sty
Package: babel 2023/02/13 3.86 The Babel package
\babel@savecnt=\count193
\U@D=\dimen141
\l@unhyphenated=\language85

(/usr/share/texlive/texmf-dist/tex/generic/babel/txtbabel.def)
\bbl@readstream=\read2
\bbl@dirlevel=\count194

(/usr/share/texlive/texmf-dist/tex/generic/babel-portuges/brazil.ldf
Language: portuges 2021/07/09 v1.2t Portuguese support from the babel system
Package babel Info: Hyphen rules for 'brazil' set to \l@portuguese
(babel)             (\language70). Reported on input line 111.
Package babel Info: Making " an active character on input line 143.
))
(/usr/share/texlive/texmf-dist/tex/latex/l3backend/l3backend-pdftex.def
File: l3backend-pdftex.def 2023-01-16 L3 backend support: PDF output (pdfTeX)
\l__color_backend_stack_int=\count195
\l__pdf_internal_box=\box51
)
(./main.aux)
\openout1 = `main.aux'.

LaTeX Font Info:    Checking defaults for OML/cmm/m/it on input line 10.
LaTeX Font Info:    ... okay on input line 10.
LaTeX Font Info:    Checking defaults for OMS/cmsy/m/n on input line 10.
LaTeX Font Info:    ... okay on input line 10.
LaTeX Font Info:    Checking defaults for OT1/cmr/m/n on input line 10.
LaTeX Font Info:    ... okay on input line 10.
LaTeX Font Info:    Checking defaults for T1/cmr/m/n on input line 10.
LaTeX Font Info:    ... okay on input line 10.
LaTeX Font Info:    Checking defaults for TS1/cmr/m/n on input line 10.
LaTeX Font Info:    ... okay on input line 10.
LaTeX Font Info:    Checking defaults for OMX/cmex/m/n on input line 10.
LaTeX Font Info:    ... okay on input line 10.
LaTeX Font Info:    Checking defaults for U/cmr/m/n on input line 10.
LaTeX Font Info:    ... okay on input line 10.
LaTeX Font Info:    External font `cmex10' loaded for size
(Font)              <12> on input line 12.
LaTeX Font Info:    External font `cmex10' loaded for size
(Font)              <8> on input line 12.
LaTeX Font Info:    External font `cmex10' loaded for size
(Font)              <6> on input line 12.
 [1

{/var/lib/texmf/fonts/map/pdftex/updmap/pdftex.map}] [2]
! You can't use `macro parameter character #' in vertical mode.
l.47 #
      ### 1. Baseado no Artigo: Badaoui et al. (2023)
? 
! You can't use `macro parameter character #' in vertical mode.
l.47 ##
       ## 1. Baseado no Artigo: Badaoui et al. (2023)
? 
! You can't use `macro parameter character #' in vertical mode.
l.47 ###
        # 1. Baseado no Artigo: Badaoui et al. (2023)
? 
! You can't use `macro parameter character #' in vertical mode.
l.47 ####
          1. Baseado no Artigo: Badaoui et al. (2023)
? 
[3]
! You can't use `macro parameter character #' in vertical mode.
l.60 #
      ### 2. Baseado no Artigo: Bosch e Esteban-Pretel (2012)
? 
! You can't use `macro parameter character #' in vertical mode.
l.60 ##
       ## 2. Baseado no Artigo: Bosch e Esteban-Pretel (2012)
? 
! You can't use `macro parameter character #' in vertical mode.
l.60 ###
        # 2. Baseado no Artigo: Bosch e Esteban-Pretel (2012)
? 
! You can't use `macro parameter character #' in vertical mode.
l.60 ####
          2. Baseado no Artigo: Bosch e Esteban-Pretel (2012)
? 

Overfull \hbox (13.88135pt too wide) in paragraph at lines 68--69
 \OT1/cmr/bx/n/10 Im-pacto C^^S^^Pclico da In-for-ma-li-dade[] \OT1/cmr/m/n/10 
Os au-to-res ob-ser-vam que, du-rante per^^S^^Podos
 []

[4]

! LaTeX Error: \begin{document} ended by \end{itemize}.

See the LaTeX manual or LaTeX Companion for explanation.
Type  H <return>  for immediate help.
 ...                                              
                                                  
l.72 \end{itemize}
                  
? 
! Extra \endgroup.
<recently read> \endgroup 
                          
l.72 \end{itemize}
                  
? 
[5{/usr/share/texlive/texmf-dist/fonts/enc/dvips/cm-super/cm-super-ts1.enc}]
! Misplaced alignment tab character &.
l.123     \item Bosch, M., &
                             Esteban-Pretel, J. (2012). Job creation and job...

? 
! Misplaced alignment tab character &.
l.124     \item Badaoui, E., Strobl, E., &
                                           Walsh, F. (2023). Informality, se...

? 

! LaTeX Error: \begin{itemize} on input line 120 ended by \end{document}.

See the LaTeX manual or LaTeX Companion for explanation.
Type  H <return>  for immediate help.
 ...                                              
                                                  
l.126 \end{document}
                    
? 
[6] (./main.aux) )
(\end occurred inside a group at level 1)

### semi simple group (level 1) entered at line 120 (\begingroup)
### bottom level 
Here is how much of TeX's memory you used:
 1484 strings out of 476041
 26281 string characters out of 5793164
 1859388 words of memory out of 6000000
 21989 multiletter control sequences out of 15000+600000
 517223 words of font info for 48 fonts, out of 8000000 for 9000
 1137 hyphenation exceptions out of 8191
 40i,5n,52p,961b,192s stack positions out of 10000i,1000n,20000p,200000b,200000s
</usr/share/texlive/texmf-dist/fonts/type1/public/amsfonts/cm/c
mbx10.pfb></usr/share/texlive/texmf-dist/fonts/type1/public/amsfonts/cm/cmbx12.
pfb></usr/share/texlive/texmf-dist/fonts/type1/public/amsfonts/cm/cmr10.pfb></u
sr/share/texlive/texmf-dist/fonts/type1/public/amsfonts/cm/cmr17.pfb></usr/shar
e/texlive/texmf-dist/fonts/type1/public/amsfonts/cm/cmti10.pfb></usr/share/texl
ive/texmf-dist/fonts/type1/public/cm-super/sfrm1000.pfb>
Output written on main.pdf (6 pages, 109159 bytes).
PDF statistics:
 54 PDF objects out of 1000 (max. 8388607)
 33 compressed objects within 1 object stream
 0 named destinations out of 1000 (max. 500000)
 1 words of extra memory for PDF output out of 10000 (max. 10000000)

